# JRE version: OpenJDK Runtime Environment (8.0_202) (build 1.8.0_202-release-1483-b49-5587405)
# Java VM: OpenJDK 64-Bit Server VM (25.202-b49-5587405 mixed mode linux-amd64 compressed oops)
Heap:
 PSYoungGen      total 394240K, used 0K [0x00000000e0000000, 0x0000000100000000, 0x0000000100000000)
  eden space 312320K, 0% used [0x00000000e0000000,0x00000000e0000000,0x00000000f3100000)
  from space 81920K, 0% used [0x00000000fb000000,0x00000000fb000000,0x0000000100000000)
  to   space 105984K, 0% used [0x00000000f3100000,0x00000000f3100000,0x00000000f9880000)
 ParOldGen       total 251904K, used 245393K [0x00000000a0000000, 0x00000000af600000, 0x00000000e0000000)
  object space 251904K, 97% used [0x00000000a0000000,0x00000000aefa4740,0x00000000af600000)
 Metaspace       used 94066K, capacity 97649K, committed 99544K, reserved 1134592K
  class space    used 12383K, capacity 13108K, committed 13568K, reserved 1048576K
GC Heap History (10 events):
Event: 17.915 GC heap after
Heap after GC invocations=22 (full 4):
 PSYoungGen      total 404992K, used 0K [0x00000000e0000000, 0x00000000fc680000, 0x0000000100000000)
  eden space 352256K, 0% used [0x00000000e0000000,0x00000000e0000000,0x00000000f5800000)
  from space 52736K, 0% used [0x00000000f8a00000,0x00000000f8a00000,0x00000000fbd80000)
  to   space 51200K, 0% used [0x00000000f5800000,0x00000000f5800000,0x00000000f8a00000)
 ParOldGen       total 249344K, used 98942K [0x00000000a0000000, 0x00000000af380000, 0x00000000e0000000)
  object space 249344K, 39% used [0x00000000a0000000,0x00000000a609f910,0x00000000af380000)
 Metaspace       used 92140K, capacity 95333K, committed 97752K, reserved 1134592K
  class space    used 12139K, capacity 12802K, committed 13312K, reserved 1048576K
}
Event: 18.202 GC heap before
{Heap before GC invocations=23 (full 4):
 PSYoungGen      total 404992K, used 352256K [0x00000000e0000000, 0x00000000fc680000, 0x0000000100000000)
  eden space 352256K, 100% used [0x00000000e0000000,0x00000000f5800000,0x00000000f5800000)
  from space 52736K, 0% used [0x00000000f8a00000,0x00000000f8a00000,0x00000000fbd80000)
  to   space 51200K, 0% used [0x00000000f5800000,0x00000000f5800000,0x00000000f8a00000)
 ParOldGen       total 249344K, used 98945K [0x00000000a0000000, 0x00000000af380000, 0x00000000e0000000)
  object space 249344K, 39% used [0x00000000a0000000,0x00000000a60a06e8,0x00000000af380000)
 Metaspace       used 93039K, capacity 96437K, committed 98648K, reserved 1134592K
  class space    used 12279K, capacity 12976K, committed 13440K, reserved 1048576K
Event: 18.225 GC heap after
Heap after GC invocations=23 (full 4):
 PSYoungGen      total 403456K, used 47608K [0x00000000e0000000, 0x0000000100000000, 0x0000000100000000)
  eden space 352256K, 0% used [0x00000000e0000000,0x00000000e0000000,0x00000000f5800000)
  from space 51200K, 92% used [0x00000000f5800000,0x00000000f867e1a0,0x00000000f8a00000)
  to   space 57856K, 0% used [0x00000000fc780000,0x00000000fc780000,0x0000000100000000)
 ParOldGen       total 249344K, used 98953K [0x00000000a0000000, 0x00000000af380000, 0x00000000e0000000)
  object space 249344K, 39% used [0x00000000a0000000,0x00000000a60a26e8,0x00000000af380000)
 Metaspace       used 93039K, capacity 96437K, committed 98648K, reserved 1134592K
  class space    used 12279K, capacity 12976K, committed 13440K, reserved 1048576K
}
Event: 18.555 GC heap before
{Heap before GC invocations=24 (full 4):
 PSYoungGen      total 403456K, used 399864K [0x00000000e0000000, 0x0000000100000000, 0x0000000100000000)
  eden space 352256K, 100% used [0x00000000e0000000,0x00000000f5800000,0x00000000f5800000)
  from space 51200K, 92% used [0x00000000f5800000,0x00000000f867e1a0,0x00000000f8a00000)
  to   space 57856K, 0% used [0x00000000fc780000,0x00000000fc780000,0x0000000100000000)
 ParOldGen       total 249344K, used 98989K [0x00000000a0000000, 0x00000000af380000, 0x00000000e0000000)
  object space 249344K, 39% used [0x00000000a0000000,0x00000000a60ab428,0x00000000af380000)
 Metaspace       used 93214K, capacity 96555K, committed 98648K, reserved 1134592K
  class space    used 12292K, capacity 12983K, committed 13440K, reserved 1048576K
Event: 18.596 GC heap after
Heap after GC invocations=24 (full 4):
 PSYoungGen      total 418304K, used 57846K [0x00000000e0000000, 0x0000000100000000, 0x0000000100000000)
  eden space 360448K, 0% used [0x00000000e0000000,0x00000000e0000000,0x00000000f6000000)
  from space 57856K, 99% used [0x00000000fc780000,0x00000000ffffd818,0x0000000100000000)
  to   space 81920K, 0% used [0x00000000f6000000,0x00000000f6000000,0x00000000fb000000)
 ParOldGen       total 249344K, used 139736K [0x00000000a0000000, 0x00000000af380000, 0x00000000e0000000)
  object space 249344K, 56% used [0x00000000a0000000,0x00000000a88761c8,0x00000000af380000)
 Metaspace       used 93214K, capacity 96555K, committed 98648K, reserved 1134592K
  class space    used 12292K, capacity 12983K, committed 13440K, reserved 1048576K
}
Event: 18.746 GC heap before
{Heap before GC invocations=25 (full 4):
 PSYoungGen      total 418304K, used 418294K [0x00000000e0000000, 0x0000000100000000, 0x0000000100000000)
  eden space 360448K, 100% used [0x00000000e0000000,0x00000000f6000000,0x00000000f6000000)
  from space 57856K, 99% used [0x00000000fc780000,0x00000000ffffd818,0x0000000100000000)
  to   space 81920K, 0% used [0x00000000f6000000,0x00000000f6000000,0x00000000fb000000)
 ParOldGen       total 249344K, used 139736K [0x00000000a0000000, 0x00000000af380000, 0x00000000e0000000)
  object space 249344K, 56% used [0x00000000a0000000,0x00000000a88761c8,0x00000000af380000)
 Metaspace       used 93236K, capacity 96619K, committed 98648K, reserved 1134592K
  class space    used 12292K, capacity 12983K, committed 13440K, reserved 1048576K
Event: 18.805 GC heap after
Heap after GC invocations=25 (full 4):
 PSYoungGen      total 442368K, used 81892K [0x00000000e0000000, 0x0000000100000000, 0x0000000100000000)
  eden space 360448K, 0% used [0x00000000e0000000,0x00000000e0000000,0x00000000f6000000)
  from space 81920K, 99% used [0x00000000f6000000,0x00000000faff9278,0x00000000fb000000)
  to   space 81920K, 0% used [0x00000000fb000000,0x00000000fb000000,0x0000000100000000)
 ParOldGen       total 249344K, used 171857K [0x00000000a0000000, 0x00000000af380000, 0x00000000e0000000)
  object space 249344K, 68% used [0x00000000a0000000,0x00000000aa7d4610,0x00000000af380000)
 Metaspace       used 93236K, capacity 96619K, committed 98648K, reserved 1134592K
  class space    used 12292K, capacity 12983K, committed 13440K, reserved 1048576K
}
Event: 19.719 GC heap before
{Heap before GC invocations=26 (full 4):
 PSYoungGen      total 442368K, used 442340K [0x00000000e0000000, 0x0000000100000000, 0x0000000100000000)
  eden space 360448K, 100% used [0x00000000e0000000,0x00000000f6000000,0x00000000f6000000)
  from space 81920K, 99% used [0x00000000f6000000,0x00000000faff9278,0x00000000fb000000)
  to   space 81920K, 0% used [0x00000000fb000000,0x00000000fb000000,0x0000000100000000)
 ParOldGen       total 249344K, used 171857K [0x00000000a0000000, 0x00000000af380000, 0x00000000e0000000)
  object space 249344K, 68% used [0x00000000a0000000,0x00000000aa7d4610,0x00000000af380000)
 Metaspace       used 94073K, capacity 97673K, committed 99544K, reserved 1134592K
  class space    used 12385K, capacity 13112K, committed 13568K, reserved 1048576K
Event: 19.794 GC heap after
Heap after GC invocations=26 (full 4):
 PSYoungGen      total 394240K, used 54184K [0x00000000e0000000, 0x0000000100000000, 0x0000000100000000)
  eden space 312320K, 0% used [0x00000000e0000000,0x00000000e0000000,0x00000000f3100000)
  from space 81920K, 66% used [0x00000000fb000000,0x00000000fe4ea3d8,0x0000000100000000)
  to   space 105984K, 0% used [0x00000000f3100000,0x00000000f3100000,0x00000000f9880000)
 ParOldGen       total 251904K, used 251272K [0x00000000a0000000, 0x00000000af600000, 0x00000000e0000000)
  object space 251904K, 99% used [0x00000000a0000000,0x00000000af5621d8,0x00000000af600000)
 Metaspace       used 94073K, capacity 97673K, committed 99544K, reserved 1134592K
  class space    used 12385K, capacity 13112K, committed 13568K, reserved 1048576K
}
Event: 19.794 GC heap before
{Heap before GC invocations=27 (full 5):
 PSYoungGen      total 394240K, used 54184K [0x00000000e0000000, 0x0000000100000000, 0x0000000100000000)
  eden space 312320K, 0% used [0x00000000e0000000,0x00000000e0000000,0x00000000f3100000)
  from space 81920K, 66% used [0x00000000fb000000,0x00000000fe4ea3d8,0x0000000100000000)
  to   space 105984K, 0% used [0x00000000f3100000,0x00000000f3100000,0x00000000f9880000)
 ParOldGen       total 251904K, used 251272K [0x00000000a0000000, 0x00000000af600000, 0x00000000e0000000)
  object space 251904K, 99% used [0x00000000a0000000,0x00000000af5621d8,0x00000000af600000)
 Metaspace       used 94073K, capacity 97673K, committed 99544K, reserved 1134592K
  class space    used 12385K, capacity 13112K, committed 13568K, reserved 1048576K

