# JRE version: OpenJDK Runtime Environment (8.0_202) (build 1.8.0_202-release-1483-b49-5587405)
# Java VM: OpenJDK 64-Bit Server VM (25.202-b49-5587405 mixed mode linux-amd64 compressed oops)
Heap:
 PSYoungGen      total 296960K, used 0K [0x00000000e0000000, 0x00000000ff980000, 0x0000000100000000)
  eden space 280064K, 0% used [0x00000000e0000000,0x00000000e0000000,0x00000000f1180000)
  from space 16896K, 0% used [0x00000000f1180000,0x00000000f1180000,0x00000000f2200000)
  to   space 118784K, 0% used [0x00000000f8580000,0x00000000f8580000,0x00000000ff980000)
 ParOldGen       total 340992K, used 234937K [0x00000000a0000000, 0x00000000b4d00000, 0x00000000e0000000)
  object space 340992K, 68% used [0x00000000a0000000,0x00000000ae56e548,0x00000000b4d00000)
 Metaspace       used 101138K, capacity 105299K, committed 105560K, reserved 1140736K
  class space    used 13069K, capacity 13875K, committed 13952K, reserved 1048576K
GC Heap History (10 events):
Event: 311.158 GC heap after
Heap after GC invocations=35 (full 6):
 PSYoungGen      total 386048K, used 41914K [0x00000000e0000000, 0x00000000ffd80000, 0x0000000100000000)
  eden space 264704K, 0% used [0x00000000e0000000,0x00000000e0000000,0x00000000f0280000)
  from space 121344K, 34% used [0x00000000f0280000,0x00000000f2b6eb28,0x00000000f7900000)
  to   space 114176K, 0% used [0x00000000f8e00000,0x00000000f8e00000,0x00000000ffd80000)
 ParOldGen       total 340992K, used 127098K [0x00000000a0000000, 0x00000000b4d00000, 0x00000000e0000000)
  object space 340992K, 37% used [0x00000000a0000000,0x00000000a7c1e9d8,0x00000000b4d00000)
 Metaspace       used 101073K, capacity 105227K, committed 105560K, reserved 1140736K
  class space    used 13069K, capacity 13875K, committed 13952K, reserved 1048576K
}
Event: 311.455 GC heap before
{Heap before GC invocations=36 (full 6):
 PSYoungGen      total 386048K, used 306618K [0x00000000e0000000, 0x00000000ffd80000, 0x0000000100000000)
  eden space 264704K, 100% used [0x00000000e0000000,0x00000000f0280000,0x00000000f0280000)
  from space 121344K, 34% used [0x00000000f0280000,0x00000000f2b6eb28,0x00000000f7900000)
  to   space 114176K, 0% used [0x00000000f8e00000,0x00000000f8e00000,0x00000000ffd80000)
 ParOldGen       total 340992K, used 127098K [0x00000000a0000000, 0x00000000b4d00000, 0x00000000e0000000)
  object space 340992K, 37% used [0x00000000a0000000,0x00000000a7c1e9d8,0x00000000b4d00000)
 Metaspace       used 101075K, capacity 105227K, committed 105560K, reserved 1140736K
  class space    used 13069K, capacity 13875K, committed 13952K, reserved 1048576K
Event: 311.488 GC heap after
Heap after GC invocations=36 (full 6):
 PSYoungGen      total 393728K, used 83126K [0x00000000e0000000, 0x0000000100000000, 0x0000000100000000)
  eden space 279552K, 0% used [0x00000000e0000000,0x00000000e0000000,0x00000000f1100000)
  from space 114176K, 72% used [0x00000000f8e00000,0x00000000fdf2db50,0x00000000ffd80000)
  to   space 122368K, 0% used [0x00000000f1100000,0x00000000f1100000,0x00000000f8880000)
 ParOldGen       total 340992K, used 139094K [0x00000000a0000000, 0x00000000b4d00000, 0x00000000e0000000)
  object space 340992K, 40% used [0x00000000a0000000,0x00000000a87d5b98,0x00000000b4d00000)
 Metaspace       used 101075K, capacity 105227K, committed 105560K, reserved 1140736K
  class space    used 13069K, capacity 13875K, committed 13952K, reserved 1048576K
}
Event: 311.576 GC heap before
{Heap before GC invocations=37 (full 6):
 PSYoungGen      total 393728K, used 362678K [0x00000000e0000000, 0x0000000100000000, 0x0000000100000000)
  eden space 279552K, 100% used [0x00000000e0000000,0x00000000f1100000,0x00000000f1100000)
  from space 114176K, 72% used [0x00000000f8e00000,0x00000000fdf2db50,0x00000000ffd80000)
  to   space 122368K, 0% used [0x00000000f1100000,0x00000000f1100000,0x00000000f8880000)
 ParOldGen       total 340992K, used 139094K [0x00000000a0000000, 0x00000000b4d00000, 0x00000000e0000000)
  object space 340992K, 40% used [0x00000000a0000000,0x00000000a87d5b98,0x00000000b4d00000)
 Metaspace       used 101079K, capacity 105227K, committed 105560K, reserved 1140736K
  class space    used 13069K, capacity 13875K, committed 13952K, reserved 1048576K
Event: 311.625 GC heap after
Heap after GC invocations=37 (full 6):
 PSYoungGen      total 348160K, used 68116K [0x00000000e0000000, 0x0000000100000000, 0x0000000100000000)
  eden space 279552K, 0% used [0x00000000e0000000,0x00000000e0000000,0x00000000f1100000)
  from space 68608K, 99% used [0x00000000f1100000,0x00000000f53853b8,0x00000000f5400000)
  to   space 123392K, 0% used [0x00000000f8780000,0x00000000f8780000,0x0000000100000000)
 ParOldGen       total 340992K, used 174492K [0x00000000a0000000, 0x00000000b4d00000, 0x00000000e0000000)
  object space 340992K, 51% used [0x00000000a0000000,0x00000000aaa672b8,0x00000000b4d00000)
 Metaspace       used 101079K, capacity 105227K, committed 105560K, reserved 1140736K
  class space    used 13069K, capacity 13875K, committed 13952K, reserved 1048576K
}
Event: 311.990 GC heap before
{Heap before GC invocations=38 (full 6):
 PSYoungGen      total 348160K, used 347668K [0x00000000e0000000, 0x0000000100000000, 0x0000000100000000)
  eden space 279552K, 100% used [0x00000000e0000000,0x00000000f1100000,0x00000000f1100000)
  from space 68608K, 99% used [0x00000000f1100000,0x00000000f53853b8,0x00000000f5400000)
  to   space 123392K, 0% used [0x00000000f8780000,0x00000000f8780000,0x0000000100000000)
 ParOldGen       total 340992K, used 174492K [0x00000000a0000000, 0x00000000b4d00000, 0x00000000e0000000)
  object space 340992K, 51% used [0x00000000a0000000,0x00000000aaa672b8,0x00000000b4d00000)
 Metaspace       used 101080K, capacity 105227K, committed 105560K, reserved 1140736K
  class space    used 13069K, capacity 13875K, committed 13952K, reserved 1048576K
Event: 312.056 GC heap after
Heap after GC invocations=38 (full 6):
 PSYoungGen      total 403456K, used 60420K [0x00000000e0000000, 0x0000000100000000, 0x0000000100000000)
  eden space 280064K, 0% used [0x00000000e0000000,0x00000000e0000000,0x00000000f1180000)
  from space 123392K, 48% used [0x00000000f8780000,0x00000000fc2813f0,0x0000000100000000)
  to   space 120832K, 0% used [0x00000000f1180000,0x00000000f1180000,0x00000000f8780000)
 ParOldGen       total 340992K, used 239924K [0x00000000a0000000, 0x00000000b4d00000, 0x00000000e0000000)
  object space 340992K, 70% used [0x00000000a0000000,0x00000000aea4d2f0,0x00000000b4d00000)
 Metaspace       used 101080K, capacity 105227K, committed 105560K, reserved 1140736K
  class space    used 13069K, capacity 13875K, committed 13952K, reserved 1048576K
}
Event: 312.578 GC heap before
{Heap before GC invocations=39 (full 6):
 PSYoungGen      total 403456K, used 340484K [0x00000000e0000000, 0x0000000100000000, 0x0000000100000000)
  eden space 280064K, 100% used [0x00000000e0000000,0x00000000f1180000,0x00000000f1180000)
  from space 123392K, 48% used [0x00000000f8780000,0x00000000fc2813f0,0x0000000100000000)
  to   space 120832K, 0% used [0x00000000f1180000,0x00000000f1180000,0x00000000f8780000)
 ParOldGen       total 340992K, used 239924K [0x00000000a0000000, 0x00000000b4d00000, 0x00000000e0000000)
  object space 340992K, 70% used [0x00000000a0000000,0x00000000aea4d2f0,0x00000000b4d00000)
 Metaspace       used 101138K, capacity 105299K, committed 105560K, reserved 1140736K
  class space    used 13069K, capacity 13875K, committed 13952K, reserved 1048576K
Event: 312.623 GC heap after
Heap after GC invocations=39 (full 6):
 PSYoungGen      total 296960K, used 16771K [0x00000000e0000000, 0x00000000ff980000, 0x0000000100000000)
  eden space 280064K, 0% used [0x00000000e0000000,0x00000000e0000000,0x00000000f1180000)
  from space 16896K, 99% used [0x00000000f1180000,0x00000000f21e0e40,0x00000000f2200000)
  to   space 118784K, 0% used [0x00000000f8580000,0x00000000f8580000,0x00000000ff980000)
 ParOldGen       total 340992K, used 289243K [0x00000000a0000000, 0x00000000b4d00000, 0x00000000e0000000)
  object space 340992K, 84% used [0x00000000a0000000,0x00000000b1a76eb8,0x00000000b4d00000)
 Metaspace       used 101138K, capacity 105299K, committed 105560K, reserved 1140736K
  class space    used 13069K, capacity 13875K, committed 13952K, reserved 1048576K
}
Event: 312.628 GC heap before
{Heap before GC invocations=40 (full 7):
 PSYoungGen      total 296960K, used 16771K [0x00000000e0000000, 0x00000000ff980000, 0x0000000100000000)
  eden space 280064K, 0% used [0x00000000e0000000,0x00000000e0000000,0x00000000f1180000)
  from space 16896K, 99% used [0x00000000f1180000,0x00000000f21e0e40,0x00000000f2200000)
  to   space 118784K, 0% used [0x00000000f8580000,0x00000000f8580000,0x00000000ff980000)
 ParOldGen       total 340992K, used 289243K [0x00000000a0000000, 0x00000000b4d00000, 0x00000000e0000000)
  object space 340992K, 84% used [0x00000000a0000000,0x00000000b1a76eb8,0x00000000b4d00000)
 Metaspace       used 101138K, capacity 105299K, committed 105560K, reserved 1140736K
  class space    used 13069K, capacity 13875K, committed 13952K, reserved 1048576K

